<?xml version="1.0" encoding="UTF-8"?>
<testng-results ignored="0" total="1" passed="1" failed="0" skipped="0">
  <reporter-output>
  </reporter-output>
  <suite started-at="2024-10-25T12:50:01 IST" name="Suite" finished-at="2024-10-25T12:50:25 IST" duration-ms="24302">
    <groups>
    </groups>
    <test started-at="2024-10-25T12:50:01 IST" name="Test" finished-at="2024-10-25T12:50:25 IST" duration-ms="24302">
      <class name="com.swaraj.testcases.TC1_WebsiteLoginTest">
        <test-method is-config="true" signature="setup()[pri:0, instance:com.swaraj.testcases.TC1_WebsiteLoginTest@4803b726]" started-at="2024-10-25T12:50:01 IST" name="setup" finished-at="2024-10-25T12:50:18 IST" duration-ms="17013" status="PASS">
          <reporter-output>
          </reporter-output>
        </test-method> <!-- setup -->
        <test-method signature="VerifyLogin()[pri:0, instance:com.swaraj.testcases.TC1_WebsiteLoginTest@4803b726]" started-at="2024-10-25T12:50:18 IST" name="VerifyLogin" finished-at="2024-10-25T12:50:23 IST" duration-ms="5337" status="PASS">
          <reporter-output>
          </reporter-output>
        </test-method> <!-- VerifyLogin -->
        <test-method is-config="true" signature="tearDown()[pri:0, instance:com.swaraj.testcases.TC1_WebsiteLoginTest@4803b726]" started-at="2024-10-25T12:50:23 IST" name="tearDown" finished-at="2024-10-25T12:50:25 IST" duration-ms="1605" status="PASS">
          <reporter-output>
          </reporter-output>
        </test-method> <!-- tearDown -->
      </class> <!-- com.swaraj.testcases.TC1_WebsiteLoginTest -->
    </test> <!-- Test -->
  </suite> <!-- Suite -->
</testng-results>
