<?xml version="1.0" encoding="UTF-8"?>
<testng-results ignored="0" total="1" passed="1" failed="0" skipped="0">
  <reporter-output>
  </reporter-output>
  <suite started-at="2024-10-29T17:01:28 IST" name="Default suite" finished-at="2024-10-29T17:01:45 IST" duration-ms="17783">
    <groups>
    </groups>
    <test started-at="2024-10-29T17:01:28 IST" name="Default test" finished-at="2024-10-29T17:01:45 IST" duration-ms="17783">
      <class name="com.swaraj.testcases.TC1_WebsiteLoginTest">
        <test-method is-config="true" signature="setup()[pri:0, instance:com.swaraj.testcases.TC1_WebsiteLoginTest@4803b726]" started-at="2024-10-29T17:01:28 IST" name="setup" finished-at="2024-10-29T17:01:43 IST" duration-ms="15185" status="PASS">
          <reporter-output>
          </reporter-output>
        </test-method> <!-- setup -->
        <test-method signature="VerifyLogin()[pri:0, instance:com.swaraj.testcases.TC1_WebsiteLoginTest@4803b726]" started-at="2024-10-29T17:01:43 IST" name="VerifyLogin" finished-at="2024-10-29T17:01:45 IST" duration-ms="1996" status="PASS">
          <reporter-output>
          </reporter-output>
        </test-method> <!-- VerifyLogin -->
        <test-method is-config="true" signature="tearDown()[pri:0, instance:com.swaraj.testcases.TC1_WebsiteLoginTest@4803b726]" started-at="2024-10-29T17:01:45 IST" name="tearDown" finished-at="2024-10-29T17:01:45 IST" duration-ms="501" status="PASS">
          <reporter-output>
          </reporter-output>
        </test-method> <!-- tearDown -->
      </class> <!-- com.swaraj.testcases.TC1_WebsiteLoginTest -->
    </test> <!-- Default test -->
  </suite> <!-- Default suite -->
</testng-results>
